
[4C4C4544-004B-4A10-8035-B3C04F4A5432] : log at : 2020/7/28|11:06:55|GMT+0800
[Hidden] : Not found invalid ARM GCC tool path\bin\arm-none-eabi-gcc.exe !



[4C4C4544-004B-4A10-8035-B3C04F4A5432] : log at : 2020/7/28|11:07:35|GMT+0800
[Hidden] : Not found invalid ARM GCC tool path\bin\arm-none-eabi-gcc.exe !
[Error] : ErrorError: ENOENT: no such file or directory, lstat 'd:\My\keilmake\stm\Library\LED\src\USER\LED.uvoptx.POMIN.tmp'
	at lstatSync (fs.js:847:3)
	at fs.lstatSync (electron/js2c/asar.js:235:27)
	at Object.fs.lstatSync (electron/js2c/asar.js:235:27)
	at s.IsDir (c:\Users\16377\.vscode\extensions\cl.eide-1.13.0\dist\extension.js:1:3766)
	at c:\Users\16377\.vscode\extensions\cl.eide-1.13.0\dist\extension.js:1:2947
	at Array.forEach (<anonymous>)
	at s.GetList (c:\Users\16377\.vscode\extensions\cl.eide-1.13.0\dist\extension.js:1:2875)
	at x.EnumIncDir (c:\Users\16377\.vscode\extensions\cl.eide-1.13.0\dist\extension.js:1:76955)
	at x.UpdateFileGroup (c:\Users\16377\.vscode\extensions\cl.eide-1.13.0\dist\extension.js:1:76272)
	at x.onSourceDirChanged (c:\Users\16377\.vscode\extensions\cl.eide-1.13.0\dist\extension.js:1:80162)
	at EventEmitter.<anonymous> (c:\Users\16377\.vscode\extensions\cl.eide-1.13.0\dist\extension.js:1:77080)
	at EventEmitter.emit (events.js:203:13)
	at x.emit (c:\Users\16377\.vscode\extensions\cl.eide-1.13.0\dist\extension.js:1:68933)
	at t.FileWatcher.e.OnRename (c:\Users\16377\.vscode\extensions\cl.eide-1.13.0\dist\extension.js:1:75385)
	at FSWatcher.<anonymous> (c:\Users\16377\.vscode\extensions\cl.eide-1.13.0\dist\extension.js:1:87265)
	at FSWatcher.emit (events.js:203:13)
	at FSEvent.FSWatcher._handle.onchange (internal/fs/watchers.js:131:12)



[4C4C4544-004B-4A10-8035-B3C04F4A5432] : log at : 2020/7/28|11:17:11|GMT+0800
[Hidden] : Not found invalid ARM GCC tool path\bin\arm-none-eabi-gcc.exe !
[Error] : ErrorError: ENOENT: no such file or directory, open 'd:\My\keilmake\stm\Library\LED\out\GCC\LED.sct'
	at Object.openSync (fs.js:447:3)
	at Object.func (electron/js2c/asar.js:140:31)
	at Object.func [as openSync] (electron/js2c/asar.js:140:31)
	at Object.writeFileSync (fs.js:1206:35)
	at s.Write (c:\Users\16377\.vscode\extensions\cl.eide-1.13.0\dist\extension.js:1:3579)
	at f.GenMemScatterFile (c:\Users\16377\.vscode\extensions\cl.eide-1.13.0\dist\extension.js:1:225706)
	at f.preHandleOptions (c:\Users\16377\.vscode\extensions\cl.eide-1.13.0\dist\extension.js:1:227369)
	at f.getCommands (c:\Users\16377\.vscode\extensions\cl.eide-1.13.0\dist\extension.js:1:221705)
	at f.getBatchCommand (c:\Users\16377\.vscode\extensions\cl.eide-1.13.0\dist\extension.js:1:220614)
	at t.ProjectExplorer.BuildSolution (c:\Users\16377\.vscode\extensions\cl.eide-1.13.0\dist\extension.js:1:155682)
	at c:\Users\16377\.vscode\extensions\cl.eide-1.13.0\dist\extension.js:1:116546
	at _executeContributedCommand (d:\Program Files\VSCode\Microsoft VS Code\resources\app\out\vs\workbench\services\extensions\node\extensionHostProcess.js:631:163)
	at _.$executeContributedCommand (d:\Program Files\VSCode\Microsoft VS Code\resources\app\out\vs\workbench\services\extensions\node\extensionHostProcess.js:631:538)
	at m._doInvokeHandler (d:\Program Files\VSCode\Microsoft VS Code\resources\app\out\vs\workbench\services\extensions\node\extensionHostProcess.js:801:683)
	at m._invokeHandler (d:\Program Files\VSCode\Microsoft VS Code\resources\app\out\vs\workbench\services\extensions\node\extensionHostProcess.js:801:375)
	at m._receiveRequest (d:\Program Files\VSCode\Microsoft VS Code\resources\app\out\vs\workbench\services\extensions\node\extensionHostProcess.js:800:14)
	at m._receiveOneMessage (d:\Program Files\VSCode\Microsoft VS Code\resources\app\out\vs\workbench\services\extensions\node\extensionHostProcess.js:799:6)
	at d:\Program Files\VSCode\Microsoft VS Code\resources\app\out\vs\workbench\services\extensions\node\extensionHostProcess.js:797:34
	at l.fire (d:\Program Files\VSCode\Microsoft VS Code\resources\app\out\vs\workbench\services\extensions\node\extensionHostProcess.js:45:801)
	at v.fire (d:\Program Files\VSCode\Microsoft VS Code\resources\app\out\vs\workbench\services\extensions\node\extensionHostProcess.js:235:849)
	at d:\Program Files\VSCode\Microsoft VS Code\resources\app\out\vs\workbench\services\extensions\node\extensionHostProcess.js:975:744
	at l.fire (d:\Program Files\VSCode\Microsoft VS Code\resources\app\out\vs\workbench\services\extensions\node\extensionHostProcess.js:45:801)
	at v.fire (d:\Program Files\VSCode\Microsoft VS Code\resources\app\out\vs\workbench\services\extensions\node\extensionHostProcess.js:235:849)
	at t.PersistentProtocol._receiveMessage (d:\Program Files\VSCode\Microsoft VS Code\resources\app\out\vs\workbench\services\extensions\node\extensionHostProcess.js:240:276)
	at d:\Program Files\VSCode\Microsoft VS Code\resources\app\out\vs\workbench\services\extensions\node\extensionHostProcess.js:237:357
	at l.fire (d:\Program Files\VSCode\Microsoft VS Code\resources\app\out\vs\workbench\services\extensions\node\extensionHostProcess.js:45:801)
	at p.acceptChunk (d:\Program Files\VSCode\Microsoft VS Code\resources\app\out\vs\workbench\services\extensions\node\extensionHostProcess.js:233:393)
	at d:\Program Files\VSCode\Microsoft VS Code\resources\app\out\vs\workbench\services\extensions\node\extensionHostProcess.js:232:753
	at Socket.t (d:\Program Files\VSCode\Microsoft VS Code\resources\app\out\vs\workbench\services\extensions\node\extensionHostProcess.js:241:826)
	at Socket.emit (events.js:203:13)
	at addChunk (_stream_readable.js:295:12)
	at readableAddChunk (_stream_readable.js:276:11)
	at Socket.Readable.push (_stream_readable.js:210:10)
	at Pipe.onStreamRead (internal/stream_base_commons.js:166:17)
[Error] : ErrorError: ENOENT: no such file or directory, lstat 'd:\My\keilmake\stm\Library\LED\src\OBJ\LED.lnp'
	at lstatSync (fs.js:847:3)
	at fs.lstatSync (electron/js2c/asar.js:235:27)
	at Object.fs.lstatSync (electron/js2c/asar.js:235:27)
	at s.IsDir (c:\Users\16377\.vscode\extensions\cl.eide-1.13.0\dist\extension.js:1:3766)
	at c:\Users\16377\.vscode\extensions\cl.eide-1.13.0\dist\extension.js:1:2947
	at Array.forEach (<anonymous>)
	at s.GetList (c:\Users\16377\.vscode\extensions\cl.eide-1.13.0\dist\extension.js:1:2875)
	at x.UpdateFileGroup (c:\Users\16377\.vscode\extensions\cl.eide-1.13.0\dist\extension.js:1:76336)
	at x.onSourceDirChanged (c:\Users\16377\.vscode\extensions\cl.eide-1.13.0\dist\extension.js:1:80162)
	at EventEmitter.<anonymous> (c:\Users\16377\.vscode\extensions\cl.eide-1.13.0\dist\extension.js:1:77080)
	at EventEmitter.emit (events.js:203:13)
	at x.emit (c:\Users\16377\.vscode\extensions\cl.eide-1.13.0\dist\extension.js:1:68933)
	at t.FileWatcher.e.OnRename (c:\Users\16377\.vscode\extensions\cl.eide-1.13.0\dist\extension.js:1:75385)
	at FSWatcher.<anonymous> (c:\Users\16377\.vscode\extensions\cl.eide-1.13.0\dist\extension.js:1:87265)
	at FSWatcher.emit (events.js:203:13)
	at FSEvent.FSWatcher._handle.onchange (internal/fs/watchers.js:131:12)
[Error] : ErrorError: ENOENT: no such file or directory, lstat 'd:\My\keilmake\stm\Library\LED\src\OBJ\delay.__i'
	at lstatSync (fs.js:847:3)
	at fs.lstatSync (electron/js2c/asar.js:235:27)
	at Object.fs.lstatSync (electron/js2c/asar.js:235:27)
	at s.IsDir (c:\Users\16377\.vscode\extensions\cl.eide-1.13.0\dist\extension.js:1:3766)
	at c:\Users\16377\.vscode\extensions\cl.eide-1.13.0\dist\extension.js:1:2947
	at Array.forEach (<anonymous>)
	at s.GetList (c:\Users\16377\.vscode\extensions\cl.eide-1.13.0\dist\extension.js:1:2875)
	at x.UpdateFileGroup (c:\Users\16377\.vscode\extensions\cl.eide-1.13.0\dist\extension.js:1:76336)
	at x.onSourceDirChanged (c:\Users\16377\.vscode\extensions\cl.eide-1.13.0\dist\extension.js:1:80162)
	at EventEmitter.<anonymous> (c:\Users\16377\.vscode\extensions\cl.eide-1.13.0\dist\extension.js:1:77080)
	at EventEmitter.emit (events.js:203:13)
	at x.emit (c:\Users\16377\.vscode\extensions\cl.eide-1.13.0\dist\extension.js:1:68933)
	at t.FileWatcher.e.OnRename (c:\Users\16377\.vscode\extensions\cl.eide-1.13.0\dist\extension.js:1:75385)
	at FSWatcher.<anonymous> (c:\Users\16377\.vscode\extensions\cl.eide-1.13.0\dist\extension.js:1:87265)
	at FSWatcher.emit (events.js:203:13)
	at FSEvent.FSWatcher._handle.onchange (internal/fs/watchers.js:131:12)
[Error] : ErrorError: ENOENT: no such file or directory, lstat 'd:\My\keilmake\stm\Library\LED\src\OBJ\stm32f4xx_it.crf'
	at lstatSync (fs.js:847:3)
	at fs.lstatSync (electron/js2c/asar.js:235:27)
	at Object.fs.lstatSync (electron/js2c/asar.js:235:27)
	at s.IsDir (c:\Users\16377\.vscode\extensions\cl.eide-1.13.0\dist\extension.js:1:3766)
	at c:\Users\16377\.vscode\extensions\cl.eide-1.13.0\dist\extension.js:1:2947
	at Array.forEach (<anonymous>)
	at s.GetList (c:\Users\16377\.vscode\extensions\cl.eide-1.13.0\dist\extension.js:1:2875)
	at x.EnumIncDir (c:\Users\16377\.vscode\extensions\cl.eide-1.13.0\dist\extension.js:1:76955)
	at x.UpdateFileGroup (c:\Users\16377\.vscode\extensions\cl.eide-1.13.0\dist\extension.js:1:76272)
	at x.onSourceDirChanged (c:\Users\16377\.vscode\extensions\cl.eide-1.13.0\dist\extension.js:1:80162)
	at EventEmitter.<anonymous> (c:\Users\16377\.vscode\extensions\cl.eide-1.13.0\dist\extension.js:1:77080)
	at EventEmitter.emit (events.js:203:13)
	at x.emit (c:\Users\16377\.vscode\extensions\cl.eide-1.13.0\dist\extension.js:1:68933)
	at t.FileWatcher.e.OnRename (c:\Users\16377\.vscode\extensions\cl.eide-1.13.0\dist\extension.js:1:75385)
	at FSWatcher.<anonymous> (c:\Users\16377\.vscode\extensions\cl.eide-1.13.0\dist\extension.js:1:87265)
	at FSWatcher.emit (events.js:203:13)
	at FSEvent.FSWatcher._handle.onchange (internal/fs/watchers.js:131:12)
[Error] : ErrorError: ENOENT: no such file or directory, lstat 'd:\My\keilmake\stm\Library\LED\src\OBJ\led.crf'
	at lstatSync (fs.js:847:3)
	at fs.lstatSync (electron/js2c/asar.js:235:27)
	at Object.fs.lstatSync (electron/js2c/asar.js:235:27)
	at s.IsDir (c:\Users\16377\.vscode\extensions\cl.eide-1.13.0\dist\extension.js:1:3766)
	at c:\Users\16377\.vscode\extensions\cl.eide-1.13.0\dist\extension.js:1:2947
	at Array.forEach (<anonymous>)
	at s.GetList (c:\Users\16377\.vscode\extensions\cl.eide-1.13.0\dist\extension.js:1:2875)
	at x.UpdateFileGroup (c:\Users\16377\.vscode\extensions\cl.eide-1.13.0\dist\extension.js:1:76336)
	at x.onSourceDirChanged (c:\Users\16377\.vscode\extensions\cl.eide-1.13.0\dist\extension.js:1:80162)
	at EventEmitter.<anonymous> (c:\Users\16377\.vscode\extensions\cl.eide-1.13.0\dist\extension.js:1:77080)
	at EventEmitter.emit (events.js:203:13)
	at x.emit (c:\Users\16377\.vscode\extensions\cl.eide-1.13.0\dist\extension.js:1:68933)
	at t.FileWatcher.e.OnRename (c:\Users\16377\.vscode\extensions\cl.eide-1.13.0\dist\extension.js:1:75385)
	at FSWatcher.<anonymous> (c:\Users\16377\.vscode\extensions\cl.eide-1.13.0\dist\extension.js:1:87265)
	at FSWatcher.emit (events.js:203:13)
	at FSEvent.FSWatcher._handle.onchange (internal/fs/watchers.js:131:12)
[Error] : ErrorError: ENOENT: no such file or directory, lstat 'd:\My\keilmake\stm\Library\LED\src\OBJ\stm32f4xx_it.d'
	at lstatSync (fs.js:847:3)
	at fs.lstatSync (electron/js2c/asar.js:235:27)
	at Object.fs.lstatSync (electron/js2c/asar.js:235:27)
	at s.IsDir (c:\Users\16377\.vscode\extensions\cl.eide-1.13.0\dist\extension.js:1:3766)
	at c:\Users\16377\.vscode\extensions\cl.eide-1.13.0\dist\extension.js:1:2947
	at Array.forEach (<anonymous>)
	at s.GetList (c:\Users\16377\.vscode\extensions\cl.eide-1.13.0\dist\extension.js:1:2875)
	at x.UpdateFileGroup (c:\Users\16377\.vscode\extensions\cl.eide-1.13.0\dist\extension.js:1:76336)
	at x.onSourceDirChanged (c:\Users\16377\.vscode\extensions\cl.eide-1.13.0\dist\extension.js:1:80162)
	at EventEmitter.<anonymous> (c:\Users\16377\.vscode\extensions\cl.eide-1.13.0\dist\extension.js:1:77080)
	at EventEmitter.emit (events.js:203:13)
	at x.emit (c:\Users\16377\.vscode\extensions\cl.eide-1.13.0\dist\extension.js:1:68933)
	at t.FileWatcher.e.OnRename (c:\Users\16377\.vscode\extensions\cl.eide-1.13.0\dist\extension.js:1:75385)
	at FSWatcher.<anonymous> (c:\Users\16377\.vscode\extensions\cl.eide-1.13.0\dist\extension.js:1:87265)
	at FSWatcher.emit (events.js:203:13)
	at FSEvent.FSWatcher._handle.onchange (internal/fs/watchers.js:131:12)
[Error] : ErrorError: ENOENT: no such file or directory, lstat 'd:\My\keilmake\stm\Library\LED\src\OBJ\system_stm32f4xx.d'
	at lstatSync (fs.js:847:3)
	at fs.lstatSync (electron/js2c/asar.js:235:27)
	at Object.fs.lstatSync (electron/js2c/asar.js:235:27)
	at s.IsDir (c:\Users\16377\.vscode\extensions\cl.eide-1.13.0\dist\extension.js:1:3766)
	at c:\Users\16377\.vscode\extensions\cl.eide-1.13.0\dist\extension.js:1:2947
	at Array.forEach (<anonymous>)
	at s.GetList (c:\Users\16377\.vscode\extensions\cl.eide-1.13.0\dist\extension.js:1:2875)
	at x.UpdateFileGroup (c:\Users\16377\.vscode\extensions\cl.eide-1.13.0\dist\extension.js:1:76336)
	at x.onSourceDirChanged (c:\Users\16377\.vscode\extensions\cl.eide-1.13.0\dist\extension.js:1:80162)
	at EventEmitter.<anonymous> (c:\Users\16377\.vscode\extensions\cl.eide-1.13.0\dist\extension.js:1:77080)
	at EventEmitter.emit (events.js:203:13)
	at x.emit (c:\Users\16377\.vscode\extensions\cl.eide-1.13.0\dist\extension.js:1:68933)
	at t.FileWatcher.e.OnRename (c:\Users\16377\.vscode\extensions\cl.eide-1.13.0\dist\extension.js:1:75385)
	at FSWatcher.<anonymous> (c:\Users\16377\.vscode\extensions\cl.eide-1.13.0\dist\extension.js:1:87265)
	at FSWatcher.emit (events.js:203:13)
	at FSEvent.FSWatcher._handle.onchange (internal/fs/watchers.js:131:12)
[Error] : ErrorError: ENOENT: no such file or directory, lstat 'd:\My\keilmake\stm\Library\LED\src\OBJ\delay.__i'
	at lstatSync (fs.js:847:3)
	at fs.lstatSync (electron/js2c/asar.js:235:27)
	at Object.fs.lstatSync (electron/js2c/asar.js:235:27)
	at s.IsDir (c:\Users\16377\.vscode\extensions\cl.eide-1.13.0\dist\extension.js:1:3766)
	at c:\Users\16377\.vscode\extensions\cl.eide-1.13.0\dist\extension.js:1:2947
	at Array.forEach (<anonymous>)
	at s.GetList (c:\Users\16377\.vscode\extensions\cl.eide-1.13.0\dist\extension.js:1:2875)
	at x.UpdateFileGroup (c:\Users\16377\.vscode\extensions\cl.eide-1.13.0\dist\extension.js:1:76336)
	at x.onSourceDirChanged (c:\Users\16377\.vscode\extensions\cl.eide-1.13.0\dist\extension.js:1:80162)
	at EventEmitter.<anonymous> (c:\Users\16377\.vscode\extensions\cl.eide-1.13.0\dist\extension.js:1:77080)
	at EventEmitter.emit (events.js:203:13)
	at x.emit (c:\Users\16377\.vscode\extensions\cl.eide-1.13.0\dist\extension.js:1:68933)
	at t.FileWatcher.e.OnRename (c:\Users\16377\.vscode\extensions\cl.eide-1.13.0\dist\extension.js:1:75385)
	at FSWatcher.<anonymous> (c:\Users\16377\.vscode\extensions\cl.eide-1.13.0\dist\extension.js:1:87265)
	at FSWatcher.emit (events.js:203:13)
	at FSEvent.FSWatcher._handle.onchange (internal/fs/watchers.js:131:12)
[Error] : ErrorError: ENOENT: no such file or directory, lstat 'd:\My\keilmake\stm\Library\LED\src\OBJ\stm32f4xx_rcc.crf'
	at lstatSync (fs.js:847:3)
	at fs.lstatSync (electron/js2c/asar.js:235:27)
	at Object.fs.lstatSync (electron/js2c/asar.js:235:27)
	at s.IsDir (c:\Users\16377\.vscode\extensions\cl.eide-1.13.0\dist\extension.js:1:3766)
	at c:\Users\16377\.vscode\extensions\cl.eide-1.13.0\dist\extension.js:1:2947
	at Array.forEach (<anonymous>)
	at s.GetList (c:\Users\16377\.vscode\extensions\cl.eide-1.13.0\dist\extension.js:1:2875)
	at x.EnumIncDir (c:\Users\16377\.vscode\extensions\cl.eide-1.13.0\dist\extension.js:1:76955)
	at x.UpdateFileGroup (c:\Users\16377\.vscode\extensions\cl.eide-1.13.0\dist\extension.js:1:76272)
	at x.onSourceDirChanged (c:\Users\16377\.vscode\extensions\cl.eide-1.13.0\dist\extension.js:1:80162)
	at EventEmitter.<anonymous> (c:\Users\16377\.vscode\extensions\cl.eide-1.13.0\dist\extension.js:1:77080)
	at EventEmitter.emit (events.js:203:13)
	at x.emit (c:\Users\16377\.vscode\extensions\cl.eide-1.13.0\dist\extension.js:1:68933)
	at t.FileWatcher.e.OnRename (c:\Users\16377\.vscode\extensions\cl.eide-1.13.0\dist\extension.js:1:75385)
	at FSWatcher.<anonymous> (c:\Users\16377\.vscode\extensions\cl.eide-1.13.0\dist\extension.js:1:87265)
	at FSWatcher.emit (events.js:203:13)
	at FSEvent.FSWatcher._handle.onchange (internal/fs/watchers.js:131:12)
[Error] : ErrorError: ENOENT: no such file or directory, lstat 'd:\My\keilmake\stm\Library\LED\src\OBJ\system_stm32f4xx.d'
	at lstatSync (fs.js:847:3)
	at fs.lstatSync (electron/js2c/asar.js:235:27)
	at Object.fs.lstatSync (electron/js2c/asar.js:235:27)
	at s.IsDir (c:\Users\16377\.vscode\extensions\cl.eide-1.13.0\dist\extension.js:1:3766)
	at c:\Users\16377\.vscode\extensions\cl.eide-1.13.0\dist\extension.js:1:2947
	at Array.forEach (<anonymous>)
	at s.GetList (c:\Users\16377\.vscode\extensions\cl.eide-1.13.0\dist\extension.js:1:2875)
	at x.EnumIncDir (c:\Users\16377\.vscode\extensions\cl.eide-1.13.0\dist\extension.js:1:76955)
	at x.UpdateFileGroup (c:\Users\16377\.vscode\extensions\cl.eide-1.13.0\dist\extension.js:1:76272)
	at x.onSourceDirChanged (c:\Users\16377\.vscode\extensions\cl.eide-1.13.0\dist\extension.js:1:80162)
	at EventEmitter.<anonymous> (c:\Users\16377\.vscode\extensions\cl.eide-1.13.0\dist\extension.js:1:77080)
	at EventEmitter.emit (events.js:203:13)
	at x.emit (c:\Users\16377\.vscode\extensions\cl.eide-1.13.0\dist\extension.js:1:68933)
	at t.FileWatcher.e.OnRename (c:\Users\16377\.vscode\extensions\cl.eide-1.13.0\dist\extension.js:1:75385)
	at FSWatcher.<anonymous> (c:\Users\16377\.vscode\extensions\cl.eide-1.13.0\dist\extension.js:1:87265)
	at FSWatcher.emit (events.js:203:13)
	at FSEvent.FSWatcher._handle.onchange (internal/fs/watchers.js:131:12)


[Error] : ErrorError: write EPIPE
	at afterWriteDispatched (internal/stream_base_commons.js:146:25)
	at writeGeneric (internal/stream_base_commons.js:137:3)
	at Socket._writeGeneric (net.js:698:11)
	at Socket._write (net.js:710:8)
	at doWrite (_stream_writable.js:418:12)
	at writeOrBuffer (_stream_writable.js:402:5)
	at Socket.Writable.write (_stream_writable.js:302:11)
	at d.write (d:\Program Files\VSCode\Microsoft VS Code\resources\app\out\vs\workbench\services\extensions\node\extensionHostProcess.js:242:115)
	at m._writeNow (d:\Program Files\VSCode\Microsoft VS Code\resources\app\out\vs\workbench\services\extensions\node\extensionHostProcess.js:234:350)
	at Immediate.<anonymous> (d:\Program Files\VSCode\Microsoft VS Code\resources\app\out\vs\workbench\services\extensions\node\extensionHostProcess.js:234:288)
	at processImmediate (internal/timers.js:439:21)

[4C4C4544-004B-4A10-8035-B3C04F4A5432] : log at : 2020/7/28|12:56:05|GMT+0800
[Hidden] : Not found invalid ARM GCC tool path\bin\arm-none-eabi-gcc.exe !



[4C4C4544-004B-4A10-8035-B3C04F4A5432] : log at : 2020/9/19|22:56:24|GMT+0800
[Hidden] : Not found D:\ARM-GCC\8 2019-q3-update\bin\arm-none-eabi-gcc.exe !



[4C4C4544-004B-4A10-8035-B3C04F4A5432] : log at : 2020/9/20|00:16:24|GMT+0800
[Hidden] : Not found D:\ARM-GCC\8 2019-q3-update\bin\arm-none-eabi-gcc.exe !



[4C4C4544-004B-4A10-8035-B3C04F4A5432] : log at : 2020/9/20|00:24:03|GMT+0800
[Hidden] : Not found D:\ARM-GCC\8 2019-q3-update\bin\arm-none-eabi-gcc.exe !



[4C4C4544-004B-4A10-8035-B3C04F4A5432] : log at : 2020/9/20|00:27:17|GMT+0800
[Hidden] : Not found D:\ARM-GCC\8 2019-q3-update\bin\arm-none-eabi-gcc.exe !



[4C4C4544-004B-4A10-8035-B3C04F4A5432] : log at : 2020/9/20|00:54:41|GMT+0800
[Hidden] : Not found D:\ARM-GCC\8 2019-q3-update\bin\arm-none-eabi-gcc.exe !



[4C4C4544-004B-4A10-8035-B3C04F4A5432] : log at : 2020/9/20|00:58:16|GMT+0800
[Hidden] : Not found D:\ARM-GCC\8 2019-q3-update\bin\arm-none-eabi-gcc.exe !



[4C4C4544-004B-4A10-8035-B3C04F4A5432] : log at : 2020/9/20|01:03:07|GMT+0800
[Hidden] : Not found D:\ARM-GCC\8 2019-q3-update\bin\arm-none-eabi-gcc.exe !



[4C4C4544-004B-4A10-8035-B3C04F4A5432] : log at : 2020/9/20|01:05:16|GMT+0800
[Hidden] : Not found D:\ARM-GCC\8 2019-q3-update\bin\arm-none-eabi-gcc.exe !



[4C4C4544-004B-4A10-8035-B3C04F4A5432] : log at : 2020/9/20|01:10:27|GMT+0800
[Hidden] : Not found D:\ARM-GCC\8 2019-q3-update\bin\arm-none-eabi-gcc.exe !



[4C4C4544-004B-4A10-8035-B3C04F4A5432] : log at : 2020/9/20|01:17:55|GMT+0800
[Hidden] : Not found D:\ARM-GCC\8 2019-q3-update\bin\arm-none-eabi-gcc.exe !



[4C4C4544-004B-4A10-8035-B3C04F4A5432] : log at : 2020/9/20|01:18:49|GMT+0800
[Hidden] : Not found D:\ARM-GCC\8 2019-q3-update\bin\arm-none-eabi-gcc.exe !



[4C4C4544-004B-4A10-8035-B3C04F4A5432] : log at : 2020/9/20|01:19:26|GMT+0800
[Hidden] : Not found D:\ARM-GCC\8 2019-q3-update\bin\arm-none-eabi-gcc.exe !



[4C4C4544-004B-4A10-8035-B3C04F4A5432] : log at : 2020/9/20|01:21:51|GMT+0800
[Hidden] : Not found D:\ARM-GCC\8 2019-q3-update\bin\arm-none-eabi-gcc.exe !



[4C4C4544-004B-4A10-8035-B3C04F4A5432] : log at : 2020/9/20|01:34:17|GMT+0800
[Hidden] : Not found D:\ARM-GCC\8 2019-q3-update\bin\arm-none-eabi-gcc.exe !



[4C4C4544-004B-4A10-8035-B3C04F4A5432] : log at : 2020/9/20|09:21:26|GMT+0800
[Hidden] : Not found D:\ARM-GCC\8 2019-q3-update\bin\arm-none-eabi-gcc.exe !



[4C4C4544-004B-4A10-8035-B3C04F4A5432] : log at : 2020/9/20|09:24:23|GMT+0800
[Hidden] : Not found D:\ARM-GCC\8 2019-q3-update\bin\arm-none-eabi-gcc.exe !



[4C4C4544-004B-4A10-8035-B3C04F4A5432] : log at : 2020/9/20|09:41:08|GMT+0800
[Hidden] : Not found D:\ARM-GCC\8 2019-q3-update\bin\arm-none-eabi-gcc.exe !



[4C4C4544-004B-4A10-8035-B3C04F4A5432] : log at : 2020/9/20|09:55:12|GMT+0800
[Hidden] : Not found D:\ARM-GCC\8 2019-q3-update\bin\arm-none-eabi-gcc.exe !



[4C4C4544-004B-4A10-8035-B3C04F4A5432] : log at : 2020/9/20|10:00:04|GMT+0800
[Hidden] : Not found D:\ARM-GCC\8 2019-q3-update\bin\arm-none-eabi-gcc.exe !



[4C4C4544-004B-4A10-8035-B3C04F4A5432] : log at : 2020/9/20|10:07:32|GMT+0800
[Hidden] : Not found D:\ARM-GCC\8 2019-q3-update\bin\arm-none-eabi-gcc.exe !



[4C4C4544-004B-4A10-8035-B3C04F4A5432] : log at : 2020/9/20|10:24:07|GMT+0800
[Hidden] : Not found D:\ARM-GCC\8 2019-q3-update\bin\arm-none-eabi-gcc.exe !



[4C4C4544-004B-4A10-8035-B3C04F4A5432] : log at : 2020/9/20|12:10:25|GMT+0800
[Hidden] : Not found D:\ARM-GCC\8 2019-q3-update\bin\arm-none-eabi-gcc.exe !
[Error] : ErrorError: ENOENT: no such file or directory, lstat 'd:\My\keilmake\stm32\_Library\TemplateTest\src\OUT\system_stm32f4xx.__i'
	at lstatSync (fs.js:906:3)
	at Object.fs.lstatSync (electron/js2c/asar.js:235:27)
	at s.IsDir (c:\Users\16377\.vscode\extensions\cl.eide-1.13.0\dist\extension.js:1:3766)
	at c:\Users\16377\.vscode\extensions\cl.eide-1.13.0\dist\extension.js:1:2947
	at Array.forEach (<anonymous>)
	at s.GetList (c:\Users\16377\.vscode\extensions\cl.eide-1.13.0\dist\extension.js:1:2875)
	at x.UpdateFileGroup (c:\Users\16377\.vscode\extensions\cl.eide-1.13.0\dist\extension.js:1:76336)
	at x.onSourceDirChanged (c:\Users\16377\.vscode\extensions\cl.eide-1.13.0\dist\extension.js:1:80162)
	at EventEmitter.<anonymous> (c:\Users\16377\.vscode\extensions\cl.eide-1.13.0\dist\extension.js:1:77080)
	at EventEmitter.emit (events.js:223:5)
	at x.emit (c:\Users\16377\.vscode\extensions\cl.eide-1.13.0\dist\extension.js:1:68933)
	at t.FileWatcher.e.OnRename (c:\Users\16377\.vscode\extensions\cl.eide-1.13.0\dist\extension.js:1:75385)
	at FSWatcher.<anonymous> (c:\Users\16377\.vscode\extensions\cl.eide-1.13.0\dist\extension.js:1:87265)
	at FSWatcher.emit (events.js:223:5)
	at FSEvent.FSWatcher._handle.onchange (internal/fs/watchers.js:131:12)



[4C4C4544-004B-4A10-8035-B3C04F4A5432] : log at : 2020/9/20|14:01:30|GMT+0800
[Hidden] : Not found D:\ARM-GCC\8 2019-q3-update\bin\arm-none-eabi-gcc.exe !



[4C4C4544-004B-4A10-8035-B3C04F4A5432] : log at : 2020/9/20|15:29:55|GMT+0800
[Hidden] : Not found D:\ARM-GCC\8 2019-q3-update\bin\arm-none-eabi-gcc.exe !
[Error] : ErrorError: ENOENT: no such file or directory, lstat 'd:\My\keilmake\stm32\_Library\TemplateTest\src\OUT\delay.crf'
	at lstatSync (fs.js:906:3)
	at Object.fs.lstatSync (electron/js2c/asar.js:235:27)
	at s.IsDir (c:\Users\16377\.vscode\extensions\cl.eide-1.13.0\dist\extension.js:1:3766)
	at c:\Users\16377\.vscode\extensions\cl.eide-1.13.0\dist\extension.js:1:2947
	at Array.forEach (<anonymous>)
	at s.GetList (c:\Users\16377\.vscode\extensions\cl.eide-1.13.0\dist\extension.js:1:2875)
	at x.UpdateFileGroup (c:\Users\16377\.vscode\extensions\cl.eide-1.13.0\dist\extension.js:1:76336)
	at x.onSourceDirChanged (c:\Users\16377\.vscode\extensions\cl.eide-1.13.0\dist\extension.js:1:80162)
	at EventEmitter.<anonymous> (c:\Users\16377\.vscode\extensions\cl.eide-1.13.0\dist\extension.js:1:77080)
	at EventEmitter.emit (events.js:223:5)
	at x.emit (c:\Users\16377\.vscode\extensions\cl.eide-1.13.0\dist\extension.js:1:68933)
	at t.FileWatcher.e.OnRename (c:\Users\16377\.vscode\extensions\cl.eide-1.13.0\dist\extension.js:1:75385)
	at FSWatcher.<anonymous> (c:\Users\16377\.vscode\extensions\cl.eide-1.13.0\dist\extension.js:1:87265)
	at FSWatcher.emit (events.js:223:5)
	at FSEvent.FSWatcher._handle.onchange (internal/fs/watchers.js:131:12)



[4C4C4544-004B-4A10-8035-B3C04F4A5432] : log at : 2020/9/20|16:14:23|GMT+0800
[Hidden] : Not found D:\ARM-GCC\8 2019-q3-update\bin\arm-none-eabi-gcc.exe !



[4C4C4544-004B-4A10-8035-B3C04F4A5432] : log at : 2020/9/20|16:16:41|GMT+0800
[Hidden] : Not found D:\ARM-GCC\8 2019-q3-update\bin\arm-none-eabi-gcc.exe !



[4C4C4544-004B-4A10-8035-B3C04F4A5432] : log at : 2020/9/20|16:47:51|GMT+0800
[Hidden] : Not found D:\ARM-GCC\8 2019-q3-update\bin\arm-none-eabi-gcc.exe !



[4C4C4544-004B-4A10-8035-B3C04F4A5432] : log at : 2020/9/20|16:49:08|GMT+0800
[Hidden] : Not found D:\ARM-GCC\8 2019-q3-update\bin\arm-none-eabi-gcc.exe !



[4C4C4544-004B-4A10-8035-B3C04F4A5432] : log at : 2020/9/20|19:29:54|GMT+0800
[Hidden] : Not found D:\ARM-GCC\8 2019-q3-update\bin\arm-none-eabi-gcc.exe !



[4C4C4544-004B-4A10-8035-B3C04F4A5432] : log at : 2020/9/21|20:44:24|GMT+0800
[Hidden] : Not found D:\ARM-GCC\8 2019-q3-update\bin\arm-none-eabi-gcc.exe !



[4C4C4544-004B-4A10-8035-B3C04F4A5432] : log at : 2020/9/21|20:44:49|GMT+0800
[Hidden] : Not found D:\ARM-GCC\8 2019-q3-update\bin\arm-none-eabi-gcc.exe !



[4C4C4544-004B-4A10-8035-B3C04F4A5432] : log at : 2020/9/21|20:50:03|GMT+0800
[Hidden] : Not found D:\ARM-GCC\8 2019-q3-update\bin\arm-none-eabi-gcc.exe !
[Error] : ErrorError: ENOENT: no such file or directory, lstat 'd:\My\keilmake\stm32\_Library\_My\USART\src\OUT\system_stm32f4xx.d'
	at lstatSync (fs.js:906:3)
	at Object.fs.lstatSync (electron/js2c/asar.js:235:27)
	at s.IsDir (c:\Users\16377\.vscode\extensions\cl.eide-1.13.0\dist\extension.js:1:3766)
	at c:\Users\16377\.vscode\extensions\cl.eide-1.13.0\dist\extension.js:1:2947
	at Array.forEach (<anonymous>)
	at s.GetList (c:\Users\16377\.vscode\extensions\cl.eide-1.13.0\dist\extension.js:1:2875)
	at x.UpdateFileGroup (c:\Users\16377\.vscode\extensions\cl.eide-1.13.0\dist\extension.js:1:76336)
	at x.onSourceDirChanged (c:\Users\16377\.vscode\extensions\cl.eide-1.13.0\dist\extension.js:1:80162)
	at EventEmitter.<anonymous> (c:\Users\16377\.vscode\extensions\cl.eide-1.13.0\dist\extension.js:1:77080)
	at EventEmitter.emit (events.js:223:5)
	at x.emit (c:\Users\16377\.vscode\extensions\cl.eide-1.13.0\dist\extension.js:1:68933)
	at t.FileWatcher.e.OnRename (c:\Users\16377\.vscode\extensions\cl.eide-1.13.0\dist\extension.js:1:75385)
	at FSWatcher.<anonymous> (c:\Users\16377\.vscode\extensions\cl.eide-1.13.0\dist\extension.js:1:87265)
	at FSWatcher.emit (events.js:223:5)
	at FSEvent.FSWatcher._handle.onchange (internal/fs/watchers.js:131:12)
[Error] : ErrorError: ENOENT: no such file or directory, lstat 'd:\My\keilmake\stm32\_Library\_My\USART\src\OUT\stm32f4xx_rcc.crf'
	at lstatSync (fs.js:906:3)
	at Object.fs.lstatSync (electron/js2c/asar.js:235:27)
	at s.IsDir (c:\Users\16377\.vscode\extensions\cl.eide-1.13.0\dist\extension.js:1:3766)
	at c:\Users\16377\.vscode\extensions\cl.eide-1.13.0\dist\extension.js:1:2947
	at Array.forEach (<anonymous>)
	at s.GetList (c:\Users\16377\.vscode\extensions\cl.eide-1.13.0\dist\extension.js:1:2875)
	at x.UpdateFileGroup (c:\Users\16377\.vscode\extensions\cl.eide-1.13.0\dist\extension.js:1:76336)
	at x.onSourceDirChanged (c:\Users\16377\.vscode\extensions\cl.eide-1.13.0\dist\extension.js:1:80162)
	at EventEmitter.<anonymous> (c:\Users\16377\.vscode\extensions\cl.eide-1.13.0\dist\extension.js:1:77080)
	at EventEmitter.emit (events.js:223:5)
	at x.emit (c:\Users\16377\.vscode\extensions\cl.eide-1.13.0\dist\extension.js:1:68933)
	at t.FileWatcher.e.OnRename (c:\Users\16377\.vscode\extensions\cl.eide-1.13.0\dist\extension.js:1:75385)
	at FSWatcher.<anonymous> (c:\Users\16377\.vscode\extensions\cl.eide-1.13.0\dist\extension.js:1:87265)
	at FSWatcher.emit (events.js:223:5)
	at FSEvent.FSWatcher._handle.onchange (internal/fs/watchers.js:131:12)
[Error] : ErrorError: ENOENT: no such file or directory, lstat 'd:\My\keilmake\stm32\_Library\_My\USART\src\OUT\led..beep..key.d'
	at lstatSync (fs.js:906:3)
	at Object.fs.lstatSync (electron/js2c/asar.js:235:27)
	at s.IsDir (c:\Users\16377\.vscode\extensions\cl.eide-1.13.0\dist\extension.js:1:3766)
	at c:\Users\16377\.vscode\extensions\cl.eide-1.13.0\dist\extension.js:1:2947
	at Array.forEach (<anonymous>)
	at s.GetList (c:\Users\16377\.vscode\extensions\cl.eide-1.13.0\dist\extension.js:1:2875)
	at x.EnumIncDir (c:\Users\16377\.vscode\extensions\cl.eide-1.13.0\dist\extension.js:1:76955)
	at x.UpdateFileGroup (c:\Users\16377\.vscode\extensions\cl.eide-1.13.0\dist\extension.js:1:76272)
	at x.onSourceDirChanged (c:\Users\16377\.vscode\extensions\cl.eide-1.13.0\dist\extension.js:1:80162)
	at EventEmitter.<anonymous> (c:\Users\16377\.vscode\extensions\cl.eide-1.13.0\dist\extension.js:1:77080)
	at EventEmitter.emit (events.js:223:5)
	at x.emit (c:\Users\16377\.vscode\extensions\cl.eide-1.13.0\dist\extension.js:1:68933)
	at t.FileWatcher.e.OnRename (c:\Users\16377\.vscode\extensions\cl.eide-1.13.0\dist\extension.js:1:75385)
	at FSWatcher.<anonymous> (c:\Users\16377\.vscode\extensions\cl.eide-1.13.0\dist\extension.js:1:87265)
	at FSWatcher.emit (events.js:223:5)
	at FSEvent.FSWatcher._handle.onchange (internal/fs/watchers.js:131:12)
[Error] : ErrorError: ENOENT: no such file or directory, lstat 'd:\My\keilmake\stm32\_Library\_My\USART\src\OUT\led..beep..key.__i'
	at lstatSync (fs.js:906:3)
	at Object.fs.lstatSync (electron/js2c/asar.js:235:27)
	at s.IsDir (c:\Users\16377\.vscode\extensions\cl.eide-1.13.0\dist\extension.js:1:3766)
	at c:\Users\16377\.vscode\extensions\cl.eide-1.13.0\dist\extension.js:1:2947
	at Array.forEach (<anonymous>)
	at s.GetList (c:\Users\16377\.vscode\extensions\cl.eide-1.13.0\dist\extension.js:1:2875)
	at x.UpdateFileGroup (c:\Users\16377\.vscode\extensions\cl.eide-1.13.0\dist\extension.js:1:76336)
	at x.onSourceDirChanged (c:\Users\16377\.vscode\extensions\cl.eide-1.13.0\dist\extension.js:1:80162)
	at EventEmitter.<anonymous> (c:\Users\16377\.vscode\extensions\cl.eide-1.13.0\dist\extension.js:1:77080)
	at EventEmitter.emit (events.js:223:5)
	at x.emit (c:\Users\16377\.vscode\extensions\cl.eide-1.13.0\dist\extension.js:1:68933)
	at t.FileWatcher.e.OnRename (c:\Users\16377\.vscode\extensions\cl.eide-1.13.0\dist\extension.js:1:75385)
	at FSWatcher.<anonymous> (c:\Users\16377\.vscode\extensions\cl.eide-1.13.0\dist\extension.js:1:87265)
	at FSWatcher.emit (events.js:223:5)
	at FSEvent.FSWatcher._handle.onchange (internal/fs/watchers.js:131:12)



[4C4C4544-004B-4A10-8035-B3C04F4A5432] : log at : 2020/9/22|12:46:53|GMT+0800
[Hidden] : Not found D:\ARM-GCC\8 2019-q3-update\bin\arm-none-eabi-gcc.exe !



[4C4C4544-004B-4A10-8035-B3C04F4A5432] : log at : 2020/9/27|21:05:23|GMT+0800
[Hidden] : Not found D:\ARM-GCC\8 2019-q3-update\bin\arm-none-eabi-gcc.exe !


