[2020-07-28 11:07:45]	Compilation failed at : "d:\My\keilmake\stm\Library\LED\src\FWLIB\src\stm32f4xx_fmc.c", Exit Code: 1
   在 ARM_Builder_V6.Program.compileByMulThread(Int32 thrNum, CmdInfo[] cmds, List`1 doneList)
   在 ARM_Builder_V6.Program.Main(String[] args)

[2020-07-28 11:08:07]	Link failed !, Exit Code: 1
   在 ARM_Builder_V6.Program.Main(String[] args)

[2020-07-28 11:22:23]	Compilation failed at : "d:\My\keilmake\stm\Library\LED\src\MAIN\led.c", Exit Code: 1
   在 ARM_Builder_V6.Program.compileByMulThread(Int32 thrNum, CmdInfo[] cmds, List`1 doneList)
   在 ARM_Builder_V6.Program.Main(String[] args)

[2020-09-20 00:52:49]	Compilation failed at : "d:\My\keilmake\stm32\_Library\_My_Template\src\FWLIB\src\stm32f4xx_ltdc.c", Exit Code: 1
   在 ARM_Builder_V6.Program.compileByMulThread(Int32 thrNum, CmdInfo[] cmds, List`1 doneList)
   在 ARM_Builder_V6.Program.Main(String[] args)

[2020-09-20 00:53:02]	Compilation failed at : "d:\My\keilmake\stm32\_Library\_My_Template\src\FWLIB\src\stm32f4xx_hash.c", Exit Code: 1
   在 ARM_Builder_V6.Program.compileByMulThread(Int32 thrNum, CmdInfo[] cmds, List`1 doneList)
   在 ARM_Builder_V6.Program.Main(String[] args)

[2020-09-20 00:54:23]	Compilation failed at : "d:\My\keilmake\stm32\_Library\_My_Template\src\FWLIB\src\stm32f4xx_sai.c", Exit Code: 1
   在 ARM_Builder_V6.Program.compileByMulThread(Int32 thrNum, CmdInfo[] cmds, List`1 doneList)
   在 ARM_Builder_V6.Program.Main(String[] args)

[2020-09-20 00:54:45]	Compilation failed at : "d:\My\keilmake\stm32\_Library\_My_Template\src\FWLIB\src\stm32f4xx_sai.c", Exit Code: 1
   在 ARM_Builder_V6.Program.compileByMulThread(Int32 thrNum, CmdInfo[] cmds, List`1 doneList)
   在 ARM_Builder_V6.Program.Main(String[] args)

