
[4C4C4544-004B-4A10-8035-B3C04F4A5432] : log at : 2020/7/28|11:06:55|GMT+0800
[Hidden] : Not found invalid ARM GCC tool path\bin\arm-none-eabi-gcc.exe !



[4C4C4544-004B-4A10-8035-B3C04F4A5432] : log at : 2020/7/28|11:07:35|GMT+0800
[Hidden] : Not found invalid ARM GCC tool path\bin\arm-none-eabi-gcc.exe !
[Error] : ErrorError: ENOENT: no such file or directory, lstat 'd:\My\keilmake\stm\Library\LED\src\USER\LED.uvoptx.POMIN.tmp'
	at lstatSync (fs.js:847:3)
	at fs.lstatSync (electron/js2c/asar.js:235:27)
	at Object.fs.lstatSync (electron/js2c/asar.js:235:27)
	at s.IsDir (c:\Users\16377\.vscode\extensions\cl.eide-1.13.0\dist\extension.js:1:3766)
	at c:\Users\16377\.vscode\extensions\cl.eide-1.13.0\dist\extension.js:1:2947
	at Array.forEach (<anonymous>)
	at s.GetList (c:\Users\16377\.vscode\extensions\cl.eide-1.13.0\dist\extension.js:1:2875)
	at x.EnumIncDir (c:\Users\16377\.vscode\extensions\cl.eide-1.13.0\dist\extension.js:1:76955)
	at x.UpdateFileGroup (c:\Users\16377\.vscode\extensions\cl.eide-1.13.0\dist\extension.js:1:76272)
	at x.onSourceDirChanged (c:\Users\16377\.vscode\extensions\cl.eide-1.13.0\dist\extension.js:1:80162)
	at EventEmitter.<anonymous> (c:\Users\16377\.vscode\extensions\cl.eide-1.13.0\dist\extension.js:1:77080)
	at EventEmitter.emit (events.js:203:13)
	at x.emit (c:\Users\16377\.vscode\extensions\cl.eide-1.13.0\dist\extension.js:1:68933)
	at t.FileWatcher.e.OnRename (c:\Users\16377\.vscode\extensions\cl.eide-1.13.0\dist\extension.js:1:75385)
	at FSWatcher.<anonymous> (c:\Users\16377\.vscode\extensions\cl.eide-1.13.0\dist\extension.js:1:87265)
	at FSWatcher.emit (events.js:203:13)
	at FSEvent.FSWatcher._handle.onchange (internal/fs/watchers.js:131:12)



[4C4C4544-004B-4A10-8035-B3C04F4A5432] : log at : 2020/7/28|11:17:11|GMT+0800
[Hidden] : Not found invalid ARM GCC tool path\bin\arm-none-eabi-gcc.exe !
[Error] : ErrorError: ENOENT: no such file or directory, open 'd:\My\keilmake\stm\Library\LED\out\GCC\LED.sct'
	at Object.openSync (fs.js:447:3)
	at Object.func (electron/js2c/asar.js:140:31)
	at Object.func [as openSync] (electron/js2c/asar.js:140:31)
	at Object.writeFileSync (fs.js:1206:35)
	at s.Write (c:\Users\16377\.vscode\extensions\cl.eide-1.13.0\dist\extension.js:1:3579)
	at f.GenMemScatterFile (c:\Users\16377\.vscode\extensions\cl.eide-1.13.0\dist\extension.js:1:225706)
	at f.preHandleOptions (c:\Users\16377\.vscode\extensions\cl.eide-1.13.0\dist\extension.js:1:227369)
	at f.getCommands (c:\Users\16377\.vscode\extensions\cl.eide-1.13.0\dist\extension.js:1:221705)
	at f.getBatchCommand (c:\Users\16377\.vscode\extensions\cl.eide-1.13.0\dist\extension.js:1:220614)
	at t.ProjectExplorer.BuildSolution (c:\Users\16377\.vscode\extensions\cl.eide-1.13.0\dist\extension.js:1:155682)
	at c:\Users\16377\.vscode\extensions\cl.eide-1.13.0\dist\extension.js:1:116546
	at _executeContributedCommand (d:\Program Files\VSCode\Microsoft VS Code\resources\app\out\vs\workbench\services\extensions\node\extensionHostProcess.js:631:163)
	at _.$executeContributedCommand (d:\Program Files\VSCode\Microsoft VS Code\resources\app\out\vs\workbench\services\extensions\node\extensionHostProcess.js:631:538)
	at m._doInvokeHandler (d:\Program Files\VSCode\Microsoft VS Code\resources\app\out\vs\workbench\services\extensions\node\extensionHostProcess.js:801:683)
	at m._invokeHandler (d:\Program Files\VSCode\Microsoft VS Code\resources\app\out\vs\workbench\services\extensions\node\extensionHostProcess.js:801:375)
	at m._receiveRequest (d:\Program Files\VSCode\Microsoft VS Code\resources\app\out\vs\workbench\services\extensions\node\extensionHostProcess.js:800:14)
	at m._receiveOneMessage (d:\Program Files\VSCode\Microsoft VS Code\resources\app\out\vs\workbench\services\extensions\node\extensionHostProcess.js:799:6)
	at d:\Program Files\VSCode\Microsoft VS Code\resources\app\out\vs\workbench\services\extensions\node\extensionHostProcess.js:797:34
	at l.fire (d:\Program Files\VSCode\Microsoft VS Code\resources\app\out\vs\workbench\services\extensions\node\extensionHostProcess.js:45:801)
	at v.fire (d:\Program Files\VSCode\Microsoft VS Code\resources\app\out\vs\workbench\services\extensions\node\extensionHostProcess.js:235:849)
	at d:\Program Files\VSCode\Microsoft VS Code\resources\app\out\vs\workbench\services\extensions\node\extensionHostProcess.js:975:744
	at l.fire (d:\Program Files\VSCode\Microsoft VS Code\resources\app\out\vs\workbench\services\extensions\node\extensionHostProcess.js:45:801)
	at v.fire (d:\Program Files\VSCode\Microsoft VS Code\resources\app\out\vs\workbench\services\extensions\node\extensionHostProcess.js:235:849)
	at t.PersistentProtocol._receiveMessage (d:\Program Files\VSCode\Microsoft VS Code\resources\app\out\vs\workbench\services\extensions\node\extensionHostProcess.js:240:276)
	at d:\Program Files\VSCode\Microsoft VS Code\resources\app\out\vs\workbench\services\extensions\node\extensionHostProcess.js:237:357
	at l.fire (d:\Program Files\VSCode\Microsoft VS Code\resources\app\out\vs\workbench\services\extensions\node\extensionHostProcess.js:45:801)
	at p.acceptChunk (d:\Program Files\VSCode\Microsoft VS Code\resources\app\out\vs\workbench\services\extensions\node\extensionHostProcess.js:233:393)
	at d:\Program Files\VSCode\Microsoft VS Code\resources\app\out\vs\workbench\services\extensions\node\extensionHostProcess.js:232:753
	at Socket.t (d:\Program Files\VSCode\Microsoft VS Code\resources\app\out\vs\workbench\services\extensions\node\extensionHostProcess.js:241:826)
	at Socket.emit (events.js:203:13)
	at addChunk (_stream_readable.js:295:12)
	at readableAddChunk (_stream_readable.js:276:11)
	at Socket.Readable.push (_stream_readable.js:210:10)
	at Pipe.onStreamRead (internal/stream_base_commons.js:166:17)
[Error] : ErrorError: ENOENT: no such file or directory, lstat 'd:\My\keilmake\stm\Library\LED\src\OBJ\LED.lnp'
	at lstatSync (fs.js:847:3)
	at fs.lstatSync (electron/js2c/asar.js:235:27)
	at Object.fs.lstatSync (electron/js2c/asar.js:235:27)
	at s.IsDir (c:\Users\16377\.vscode\extensions\cl.eide-1.13.0\dist\extension.js:1:3766)
	at c:\Users\16377\.vscode\extensions\cl.eide-1.13.0\dist\extension.js:1:2947
	at Array.forEach (<anonymous>)
	at s.GetList (c:\Users\16377\.vscode\extensions\cl.eide-1.13.0\dist\extension.js:1:2875)
	at x.UpdateFileGroup (c:\Users\16377\.vscode\extensions\cl.eide-1.13.0\dist\extension.js:1:76336)
	at x.onSourceDirChanged (c:\Users\16377\.vscode\extensions\cl.eide-1.13.0\dist\extension.js:1:80162)
	at EventEmitter.<anonymous> (c:\Users\16377\.vscode\extensions\cl.eide-1.13.0\dist\extension.js:1:77080)
	at EventEmitter.emit (events.js:203:13)
	at x.emit (c:\Users\16377\.vscode\extensions\cl.eide-1.13.0\dist\extension.js:1:68933)
	at t.FileWatcher.e.OnRename (c:\Users\16377\.vscode\extensions\cl.eide-1.13.0\dist\extension.js:1:75385)
	at FSWatcher.<anonymous> (c:\Users\16377\.vscode\extensions\cl.eide-1.13.0\dist\extension.js:1:87265)
	at FSWatcher.emit (events.js:203:13)
	at FSEvent.FSWatcher._handle.onchange (internal/fs/watchers.js:131:12)
[Error] : ErrorError: ENOENT: no such file or directory, lstat 'd:\My\keilmake\stm\Library\LED\src\OBJ\delay.__i'
	at lstatSync (fs.js:847:3)
	at fs.lstatSync (electron/js2c/asar.js:235:27)
	at Object.fs.lstatSync (electron/js2c/asar.js:235:27)
	at s.IsDir (c:\Users\16377\.vscode\extensions\cl.eide-1.13.0\dist\extension.js:1:3766)
	at c:\Users\16377\.vscode\extensions\cl.eide-1.13.0\dist\extension.js:1:2947
	at Array.forEach (<anonymous>)
	at s.GetList (c:\Users\16377\.vscode\extensions\cl.eide-1.13.0\dist\extension.js:1:2875)
	at x.UpdateFileGroup (c:\Users\16377\.vscode\extensions\cl.eide-1.13.0\dist\extension.js:1:76336)
	at x.onSourceDirChanged (c:\Users\16377\.vscode\extensions\cl.eide-1.13.0\dist\extension.js:1:80162)
	at EventEmitter.<anonymous> (c:\Users\16377\.vscode\extensions\cl.eide-1.13.0\dist\extension.js:1:77080)
	at EventEmitter.emit (events.js:203:13)
	at x.emit (c:\Users\16377\.vscode\extensions\cl.eide-1.13.0\dist\extension.js:1:68933)
	at t.FileWatcher.e.OnRename (c:\Users\16377\.vscode\extensions\cl.eide-1.13.0\dist\extension.js:1:75385)
	at FSWatcher.<anonymous> (c:\Users\16377\.vscode\extensions\cl.eide-1.13.0\dist\extension.js:1:87265)
	at FSWatcher.emit (events.js:203:13)
	at FSEvent.FSWatcher._handle.onchange (internal/fs/watchers.js:131:12)
[Error] : ErrorError: ENOENT: no such file or directory, lstat 'd:\My\keilmake\stm\Library\LED\src\OBJ\stm32f4xx_it.crf'
	at lstatSync (fs.js:847:3)
	at fs.lstatSync (electron/js2c/asar.js:235:27)
	at Object.fs.lstatSync (electron/js2c/asar.js:235:27)
	at s.IsDir (c:\Users\16377\.vscode\extensions\cl.eide-1.13.0\dist\extension.js:1:3766)
	at c:\Users\16377\.vscode\extensions\cl.eide-1.13.0\dist\extension.js:1:2947
	at Array.forEach (<anonymous>)
	at s.GetList (c:\Users\16377\.vscode\extensions\cl.eide-1.13.0\dist\extension.js:1:2875)
	at x.EnumIncDir (c:\Users\16377\.vscode\extensions\cl.eide-1.13.0\dist\extension.js:1:76955)
	at x.UpdateFileGroup (c:\Users\16377\.vscode\extensions\cl.eide-1.13.0\dist\extension.js:1:76272)
	at x.onSourceDirChanged (c:\Users\16377\.vscode\extensions\cl.eide-1.13.0\dist\extension.js:1:80162)
	at EventEmitter.<anonymous> (c:\Users\16377\.vscode\extensions\cl.eide-1.13.0\dist\extension.js:1:77080)
	at EventEmitter.emit (events.js:203:13)
	at x.emit (c:\Users\16377\.vscode\extensions\cl.eide-1.13.0\dist\extension.js:1:68933)
	at t.FileWatcher.e.OnRename (c:\Users\16377\.vscode\extensions\cl.eide-1.13.0\dist\extension.js:1:75385)
	at FSWatcher.<anonymous> (c:\Users\16377\.vscode\extensions\cl.eide-1.13.0\dist\extension.js:1:87265)
	at FSWatcher.emit (events.js:203:13)
	at FSEvent.FSWatcher._handle.onchange (internal/fs/watchers.js:131:12)
[Error] : ErrorError: ENOENT: no such file or directory, lstat 'd:\My\keilmake\stm\Library\LED\src\OBJ\led.crf'
	at lstatSync (fs.js:847:3)
	at fs.lstatSync (electron/js2c/asar.js:235:27)
	at Object.fs.lstatSync (electron/js2c/asar.js:235:27)
	at s.IsDir (c:\Users\16377\.vscode\extensions\cl.eide-1.13.0\dist\extension.js:1:3766)
	at c:\Users\16377\.vscode\extensions\cl.eide-1.13.0\dist\extension.js:1:2947
	at Array.forEach (<anonymous>)
	at s.GetList (c:\Users\16377\.vscode\extensions\cl.eide-1.13.0\dist\extension.js:1:2875)
	at x.UpdateFileGroup (c:\Users\16377\.vscode\extensions\cl.eide-1.13.0\dist\extension.js:1:76336)
	at x.onSourceDirChanged (c:\Users\16377\.vscode\extensions\cl.eide-1.13.0\dist\extension.js:1:80162)
	at EventEmitter.<anonymous> (c:\Users\16377\.vscode\extensions\cl.eide-1.13.0\dist\extension.js:1:77080)
	at EventEmitter.emit (events.js:203:13)
	at x.emit (c:\Users\16377\.vscode\extensions\cl.eide-1.13.0\dist\extension.js:1:68933)
	at t.FileWatcher.e.OnRename (c:\Users\16377\.vscode\extensions\cl.eide-1.13.0\dist\extension.js:1:75385)
	at FSWatcher.<anonymous> (c:\Users\16377\.vscode\extensions\cl.eide-1.13.0\dist\extension.js:1:87265)
	at FSWatcher.emit (events.js:203:13)
	at FSEvent.FSWatcher._handle.onchange (internal/fs/watchers.js:131:12)
[Error] : ErrorError: ENOENT: no such file or directory, lstat 'd:\My\keilmake\stm\Library\LED\src\OBJ\stm32f4xx_it.d'
	at lstatSync (fs.js:847:3)
	at fs.lstatSync (electron/js2c/asar.js:235:27)
	at Object.fs.lstatSync (electron/js2c/asar.js:235:27)
	at s.IsDir (c:\Users\16377\.vscode\extensions\cl.eide-1.13.0\dist\extension.js:1:3766)
	at c:\Users\16377\.vscode\extensions\cl.eide-1.13.0\dist\extension.js:1:2947
	at Array.forEach (<anonymous>)
	at s.GetList (c:\Users\16377\.vscode\extensions\cl.eide-1.13.0\dist\extension.js:1:2875)
	at x.UpdateFileGroup (c:\Users\16377\.vscode\extensions\cl.eide-1.13.0\dist\extension.js:1:76336)
	at x.onSourceDirChanged (c:\Users\16377\.vscode\extensions\cl.eide-1.13.0\dist\extension.js:1:80162)
	at EventEmitter.<anonymous> (c:\Users\16377\.vscode\extensions\cl.eide-1.13.0\dist\extension.js:1:77080)
	at EventEmitter.emit (events.js:203:13)
	at x.emit (c:\Users\16377\.vscode\extensions\cl.eide-1.13.0\dist\extension.js:1:68933)
	at t.FileWatcher.e.OnRename (c:\Users\16377\.vscode\extensions\cl.eide-1.13.0\dist\extension.js:1:75385)
	at FSWatcher.<anonymous> (c:\Users\16377\.vscode\extensions\cl.eide-1.13.0\dist\extension.js:1:87265)
	at FSWatcher.emit (events.js:203:13)
	at FSEvent.FSWatcher._handle.onchange (internal/fs/watchers.js:131:12)
[Error] : ErrorError: ENOENT: no such file or directory, lstat 'd:\My\keilmake\stm\Library\LED\src\OBJ\system_stm32f4xx.d'
	at lstatSync (fs.js:847:3)
	at fs.lstatSync (electron/js2c/asar.js:235:27)
	at Object.fs.lstatSync (electron/js2c/asar.js:235:27)
	at s.IsDir (c:\Users\16377\.vscode\extensions\cl.eide-1.13.0\dist\extension.js:1:3766)
	at c:\Users\16377\.vscode\extensions\cl.eide-1.13.0\dist\extension.js:1:2947
	at Array.forEach (<anonymous>)
	at s.GetList (c:\Users\16377\.vscode\extensions\cl.eide-1.13.0\dist\extension.js:1:2875)
	at x.UpdateFileGroup (c:\Users\16377\.vscode\extensions\cl.eide-1.13.0\dist\extension.js:1:76336)
	at x.onSourceDirChanged (c:\Users\16377\.vscode\extensions\cl.eide-1.13.0\dist\extension.js:1:80162)
	at EventEmitter.<anonymous> (c:\Users\16377\.vscode\extensions\cl.eide-1.13.0\dist\extension.js:1:77080)
	at EventEmitter.emit (events.js:203:13)
	at x.emit (c:\Users\16377\.vscode\extensions\cl.eide-1.13.0\dist\extension.js:1:68933)
	at t.FileWatcher.e.OnRename (c:\Users\16377\.vscode\extensions\cl.eide-1.13.0\dist\extension.js:1:75385)
	at FSWatcher.<anonymous> (c:\Users\16377\.vscode\extensions\cl.eide-1.13.0\dist\extension.js:1:87265)
	at FSWatcher.emit (events.js:203:13)
	at FSEvent.FSWatcher._handle.onchange (internal/fs/watchers.js:131:12)
[Error] : ErrorError: ENOENT: no such file or directory, lstat 'd:\My\keilmake\stm\Library\LED\src\OBJ\delay.__i'
	at lstatSync (fs.js:847:3)
	at fs.lstatSync (electron/js2c/asar.js:235:27)
	at Object.fs.lstatSync (electron/js2c/asar.js:235:27)
	at s.IsDir (c:\Users\16377\.vscode\extensions\cl.eide-1.13.0\dist\extension.js:1:3766)
	at c:\Users\16377\.vscode\extensions\cl.eide-1.13.0\dist\extension.js:1:2947
	at Array.forEach (<anonymous>)
	at s.GetList (c:\Users\16377\.vscode\extensions\cl.eide-1.13.0\dist\extension.js:1:2875)
	at x.UpdateFileGroup (c:\Users\16377\.vscode\extensions\cl.eide-1.13.0\dist\extension.js:1:76336)
	at x.onSourceDirChanged (c:\Users\16377\.vscode\extensions\cl.eide-1.13.0\dist\extension.js:1:80162)
	at EventEmitter.<anonymous> (c:\Users\16377\.vscode\extensions\cl.eide-1.13.0\dist\extension.js:1:77080)
	at EventEmitter.emit (events.js:203:13)
	at x.emit (c:\Users\16377\.vscode\extensions\cl.eide-1.13.0\dist\extension.js:1:68933)
	at t.FileWatcher.e.OnRename (c:\Users\16377\.vscode\extensions\cl.eide-1.13.0\dist\extension.js:1:75385)
	at FSWatcher.<anonymous> (c:\Users\16377\.vscode\extensions\cl.eide-1.13.0\dist\extension.js:1:87265)
	at FSWatcher.emit (events.js:203:13)
	at FSEvent.FSWatcher._handle.onchange (internal/fs/watchers.js:131:12)
[Error] : ErrorError: ENOENT: no such file or directory, lstat 'd:\My\keilmake\stm\Library\LED\src\OBJ\stm32f4xx_rcc.crf'
	at lstatSync (fs.js:847:3)
	at fs.lstatSync (electron/js2c/asar.js:235:27)
	at Object.fs.lstatSync (electron/js2c/asar.js:235:27)
	at s.IsDir (c:\Users\16377\.vscode\extensions\cl.eide-1.13.0\dist\extension.js:1:3766)
	at c:\Users\16377\.vscode\extensions\cl.eide-1.13.0\dist\extension.js:1:2947
	at Array.forEach (<anonymous>)
	at s.GetList (c:\Users\16377\.vscode\extensions\cl.eide-1.13.0\dist\extension.js:1:2875)
	at x.EnumIncDir (c:\Users\16377\.vscode\extensions\cl.eide-1.13.0\dist\extension.js:1:76955)
	at x.UpdateFileGroup (c:\Users\16377\.vscode\extensions\cl.eide-1.13.0\dist\extension.js:1:76272)
	at x.onSourceDirChanged (c:\Users\16377\.vscode\extensions\cl.eide-1.13.0\dist\extension.js:1:80162)
	at EventEmitter.<anonymous> (c:\Users\16377\.vscode\extensions\cl.eide-1.13.0\dist\extension.js:1:77080)
	at EventEmitter.emit (events.js:203:13)
	at x.emit (c:\Users\16377\.vscode\extensions\cl.eide-1.13.0\dist\extension.js:1:68933)
	at t.FileWatcher.e.OnRename (c:\Users\16377\.vscode\extensions\cl.eide-1.13.0\dist\extension.js:1:75385)
	at FSWatcher.<anonymous> (c:\Users\16377\.vscode\extensions\cl.eide-1.13.0\dist\extension.js:1:87265)
	at FSWatcher.emit (events.js:203:13)
	at FSEvent.FSWatcher._handle.onchange (internal/fs/watchers.js:131:12)
[Error] : ErrorError: ENOENT: no such file or directory, lstat 'd:\My\keilmake\stm\Library\LED\src\OBJ\system_stm32f4xx.d'
	at lstatSync (fs.js:847:3)
	at fs.lstatSync (electron/js2c/asar.js:235:27)
	at Object.fs.lstatSync (electron/js2c/asar.js:235:27)
	at s.IsDir (c:\Users\16377\.vscode\extensions\cl.eide-1.13.0\dist\extension.js:1:3766)
	at c:\Users\16377\.vscode\extensions\cl.eide-1.13.0\dist\extension.js:1:2947
	at Array.forEach (<anonymous>)
	at s.GetList (c:\Users\16377\.vscode\extensions\cl.eide-1.13.0\dist\extension.js:1:2875)
	at x.EnumIncDir (c:\Users\16377\.vscode\extensions\cl.eide-1.13.0\dist\extension.js:1:76955)
	at x.UpdateFileGroup (c:\Users\16377\.vscode\extensions\cl.eide-1.13.0\dist\extension.js:1:76272)
	at x.onSourceDirChanged (c:\Users\16377\.vscode\extensions\cl.eide-1.13.0\dist\extension.js:1:80162)
	at EventEmitter.<anonymous> (c:\Users\16377\.vscode\extensions\cl.eide-1.13.0\dist\extension.js:1:77080)
	at EventEmitter.emit (events.js:203:13)
	at x.emit (c:\Users\16377\.vscode\extensions\cl.eide-1.13.0\dist\extension.js:1:68933)
	at t.FileWatcher.e.OnRename (c:\Users\16377\.vscode\extensions\cl.eide-1.13.0\dist\extension.js:1:75385)
	at FSWatcher.<anonymous> (c:\Users\16377\.vscode\extensions\cl.eide-1.13.0\dist\extension.js:1:87265)
	at FSWatcher.emit (events.js:203:13)
	at FSEvent.FSWatcher._handle.onchange (internal/fs/watchers.js:131:12)


[Error] : ErrorError: write EPIPE
	at afterWriteDispatched (internal/stream_base_commons.js:146:25)
	at writeGeneric (internal/stream_base_commons.js:137:3)
	at Socket._writeGeneric (net.js:698:11)
	at Socket._write (net.js:710:8)
	at doWrite (_stream_writable.js:418:12)
	at writeOrBuffer (_stream_writable.js:402:5)
	at Socket.Writable.write (_stream_writable.js:302:11)
	at d.write (d:\Program Files\VSCode\Microsoft VS Code\resources\app\out\vs\workbench\services\extensions\node\extensionHostProcess.js:242:115)
	at m._writeNow (d:\Program Files\VSCode\Microsoft VS Code\resources\app\out\vs\workbench\services\extensions\node\extensionHostProcess.js:234:350)
	at Immediate.<anonymous> (d:\Program Files\VSCode\Microsoft VS Code\resources\app\out\vs\workbench\services\extensions\node\extensionHostProcess.js:234:288)
	at processImmediate (internal/timers.js:439:21)

[4C4C4544-004B-4A10-8035-B3C04F4A5432] : log at : 2020/7/28|12:56:05|GMT+0800
[Hidden] : Not found invalid ARM GCC tool path\bin\arm-none-eabi-gcc.exe !



[4C4C4544-004B-4A10-8035-B3C04F4A5432] : log at : 2020/7/29|16:40:54|GMT+0800
[Hidden] : Not found invalid ARM GCC tool path\bin\arm-none-eabi-gcc.exe !
[Error] : ErrorError: ENOENT: no such file or directory, lstat 'd:\My\keilmake\stm\Library\KEY\src\OBJ\main.crf'
	at lstatSync (fs.js:847:3)
	at fs.lstatSync (electron/js2c/asar.js:235:27)
	at Object.fs.lstatSync (electron/js2c/asar.js:235:27)
	at s.IsDir (c:\Users\16377\.vscode\extensions\cl.eide-1.13.0\dist\extension.js:1:3766)
	at c:\Users\16377\.vscode\extensions\cl.eide-1.13.0\dist\extension.js:1:2947
	at Array.forEach (<anonymous>)
	at s.GetList (c:\Users\16377\.vscode\extensions\cl.eide-1.13.0\dist\extension.js:1:2875)
	at x.UpdateFileGroup (c:\Users\16377\.vscode\extensions\cl.eide-1.13.0\dist\extension.js:1:76336)
	at x.onSourceDirChanged (c:\Users\16377\.vscode\extensions\cl.eide-1.13.0\dist\extension.js:1:80162)
	at EventEmitter.<anonymous> (c:\Users\16377\.vscode\extensions\cl.eide-1.13.0\dist\extension.js:1:77080)
	at EventEmitter.emit (events.js:203:13)
	at x.emit (c:\Users\16377\.vscode\extensions\cl.eide-1.13.0\dist\extension.js:1:68933)
	at t.FileWatcher.e.OnRename (c:\Users\16377\.vscode\extensions\cl.eide-1.13.0\dist\extension.js:1:75385)
	at FSWatcher.<anonymous> (c:\Users\16377\.vscode\extensions\cl.eide-1.13.0\dist\extension.js:1:87265)
	at FSWatcher.emit (events.js:203:13)
	at FSEvent.FSWatcher._handle.onchange (internal/fs/watchers.js:131:12)
[Error] : ErrorError: ENOENT: no such file or directory, lstat 'd:\My\keilmake\stm\Library\KEY\src\OBJ\stm32f4xx_gpio.d'
	at lstatSync (fs.js:847:3)
	at fs.lstatSync (electron/js2c/asar.js:235:27)
	at Object.fs.lstatSync (electron/js2c/asar.js:235:27)
	at s.IsDir (c:\Users\16377\.vscode\extensions\cl.eide-1.13.0\dist\extension.js:1:3766)
	at c:\Users\16377\.vscode\extensions\cl.eide-1.13.0\dist\extension.js:1:2947
	at Array.forEach (<anonymous>)
	at s.GetList (c:\Users\16377\.vscode\extensions\cl.eide-1.13.0\dist\extension.js:1:2875)
	at x.EnumIncDir (c:\Users\16377\.vscode\extensions\cl.eide-1.13.0\dist\extension.js:1:76955)
	at x.UpdateFileGroup (c:\Users\16377\.vscode\extensions\cl.eide-1.13.0\dist\extension.js:1:76272)
	at x.onSourceDirChanged (c:\Users\16377\.vscode\extensions\cl.eide-1.13.0\dist\extension.js:1:80162)
	at EventEmitter.<anonymous> (c:\Users\16377\.vscode\extensions\cl.eide-1.13.0\dist\extension.js:1:77080)
	at EventEmitter.emit (events.js:203:13)
	at x.emit (c:\Users\16377\.vscode\extensions\cl.eide-1.13.0\dist\extension.js:1:68933)
	at t.FileWatcher.e.OnRename (c:\Users\16377\.vscode\extensions\cl.eide-1.13.0\dist\extension.js:1:75385)
	at FSWatcher.<anonymous> (c:\Users\16377\.vscode\extensions\cl.eide-1.13.0\dist\extension.js:1:87265)
	at FSWatcher.emit (events.js:203:13)
	at FSEvent.FSWatcher._handle.onchange (internal/fs/watchers.js:131:12)
[Error] : ErrorError: ENOENT: no such file or directory, lstat 'd:\My\keilmake\stm\Library\KEY\src\USER\Listings\startup_stm32f40_41xxx.lst'
	at lstatSync (fs.js:847:3)
	at fs.lstatSync (electron/js2c/asar.js:235:27)
	at Object.fs.lstatSync (electron/js2c/asar.js:235:27)
	at s.IsDir (c:\Users\16377\.vscode\extensions\cl.eide-1.13.0\dist\extension.js:1:3766)
	at c:\Users\16377\.vscode\extensions\cl.eide-1.13.0\dist\extension.js:1:2947
	at Array.forEach (<anonymous>)
	at s.GetList (c:\Users\16377\.vscode\extensions\cl.eide-1.13.0\dist\extension.js:1:2875)
	at x.UpdateFileGroup (c:\Users\16377\.vscode\extensions\cl.eide-1.13.0\dist\extension.js:1:76336)
	at x.onSourceDirChanged (c:\Users\16377\.vscode\extensions\cl.eide-1.13.0\dist\extension.js:1:80162)
	at EventEmitter.<anonymous> (c:\Users\16377\.vscode\extensions\cl.eide-1.13.0\dist\extension.js:1:77080)
	at EventEmitter.emit (events.js:203:13)
	at x.emit (c:\Users\16377\.vscode\extensions\cl.eide-1.13.0\dist\extension.js:1:68933)
	at t.FileWatcher.e.OnRename (c:\Users\16377\.vscode\extensions\cl.eide-1.13.0\dist\extension.js:1:75385)
	at FSWatcher.<anonymous> (c:\Users\16377\.vscode\extensions\cl.eide-1.13.0\dist\extension.js:1:87265)
	at FSWatcher.emit (events.js:203:13)
	at FSEvent.FSWatcher._handle.onchange (internal/fs/watchers.js:131:12)
[Error] : ErrorError: ENOENT: no such file or directory, lstat 'd:\My\keilmake\stm\Library\KEY\src\OBJ\usart.crf'
	at lstatSync (fs.js:847:3)
	at fs.lstatSync (electron/js2c/asar.js:235:27)
	at Object.fs.lstatSync (electron/js2c/asar.js:235:27)
	at s.IsDir (c:\Users\16377\.vscode\extensions\cl.eide-1.13.0\dist\extension.js:1:3766)
	at c:\Users\16377\.vscode\extensions\cl.eide-1.13.0\dist\extension.js:1:2947
	at Array.forEach (<anonymous>)
	at s.GetList (c:\Users\16377\.vscode\extensions\cl.eide-1.13.0\dist\extension.js:1:2875)
	at x.UpdateFileGroup (c:\Users\16377\.vscode\extensions\cl.eide-1.13.0\dist\extension.js:1:76336)
	at x.onSourceDirChanged (c:\Users\16377\.vscode\extensions\cl.eide-1.13.0\dist\extension.js:1:80162)
	at EventEmitter.<anonymous> (c:\Users\16377\.vscode\extensions\cl.eide-1.13.0\dist\extension.js:1:77080)
	at EventEmitter.emit (events.js:203:13)
	at x.emit (c:\Users\16377\.vscode\extensions\cl.eide-1.13.0\dist\extension.js:1:68933)
	at t.FileWatcher.e.OnRename (c:\Users\16377\.vscode\extensions\cl.eide-1.13.0\dist\extension.js:1:75385)
	at FSWatcher.<anonymous> (c:\Users\16377\.vscode\extensions\cl.eide-1.13.0\dist\extension.js:1:87265)
	at FSWatcher.emit (events.js:203:13)
	at FSEvent.FSWatcher._handle.onchange (internal/fs/watchers.js:131:12)
[Error] : ErrorError: ENOENT: no such file or directory, lstat 'd:\My\keilmake\stm\Library\KEY\src\OBJ\sys.d'
	at lstatSync (fs.js:847:3)
	at fs.lstatSync (electron/js2c/asar.js:235:27)
	at Object.fs.lstatSync (electron/js2c/asar.js:235:27)
	at s.IsDir (c:\Users\16377\.vscode\extensions\cl.eide-1.13.0\dist\extension.js:1:3766)
	at c:\Users\16377\.vscode\extensions\cl.eide-1.13.0\dist\extension.js:1:2947
	at Array.forEach (<anonymous>)
	at s.GetList (c:\Users\16377\.vscode\extensions\cl.eide-1.13.0\dist\extension.js:1:2875)
	at x.EnumIncDir (c:\Users\16377\.vscode\extensions\cl.eide-1.13.0\dist\extension.js:1:76955)
	at x.UpdateFileGroup (c:\Users\16377\.vscode\extensions\cl.eide-1.13.0\dist\extension.js:1:76272)
	at x.onSourceDirChanged (c:\Users\16377\.vscode\extensions\cl.eide-1.13.0\dist\extension.js:1:80162)
	at EventEmitter.<anonymous> (c:\Users\16377\.vscode\extensions\cl.eide-1.13.0\dist\extension.js:1:77080)
	at EventEmitter.emit (events.js:203:13)
	at x.emit (c:\Users\16377\.vscode\extensions\cl.eide-1.13.0\dist\extension.js:1:68933)
	at t.FileWatcher.e.OnRename (c:\Users\16377\.vscode\extensions\cl.eide-1.13.0\dist\extension.js:1:75385)
	at FSWatcher.<anonymous> (c:\Users\16377\.vscode\extensions\cl.eide-1.13.0\dist\extension.js:1:87265)
	at FSWatcher.emit (events.js:203:13)
	at FSEvent.FSWatcher._handle.onchange (internal/fs/watchers.js:131:12)
[Error] : ErrorError: ENOENT: no such file or directory, lstat 'd:\My\keilmake\stm\Library\KEY\src\OBJ\stm32f4xx_usart.d'
	at lstatSync (fs.js:847:3)
	at fs.lstatSync (electron/js2c/asar.js:235:27)
	at Object.fs.lstatSync (electron/js2c/asar.js:235:27)
	at s.IsDir (c:\Users\16377\.vscode\extensions\cl.eide-1.13.0\dist\extension.js:1:3766)
	at c:\Users\16377\.vscode\extensions\cl.eide-1.13.0\dist\extension.js:1:2947
	at Array.forEach (<anonymous>)
	at s.GetList (c:\Users\16377\.vscode\extensions\cl.eide-1.13.0\dist\extension.js:1:2875)
	at x.EnumIncDir (c:\Users\16377\.vscode\extensions\cl.eide-1.13.0\dist\extension.js:1:76955)
	at x.UpdateFileGroup (c:\Users\16377\.vscode\extensions\cl.eide-1.13.0\dist\extension.js:1:76272)
	at x.onSourceDirChanged (c:\Users\16377\.vscode\extensions\cl.eide-1.13.0\dist\extension.js:1:80162)
	at EventEmitter.<anonymous> (c:\Users\16377\.vscode\extensions\cl.eide-1.13.0\dist\extension.js:1:77080)
	at EventEmitter.emit (events.js:203:13)
	at x.emit (c:\Users\16377\.vscode\extensions\cl.eide-1.13.0\dist\extension.js:1:68933)
	at t.FileWatcher.e.OnRename (c:\Users\16377\.vscode\extensions\cl.eide-1.13.0\dist\extension.js:1:75385)
	at FSWatcher.<anonymous> (c:\Users\16377\.vscode\extensions\cl.eide-1.13.0\dist\extension.js:1:87265)
	at FSWatcher.emit (events.js:203:13)
	at FSEvent.FSWatcher._handle.onchange (internal/fs/watchers.js:131:12)
[Error] : ErrorError: ENOENT: no such file or directory, lstat 'd:\My\keilmake\stm\Library\KEY\src\OBJ\led.d'
	at lstatSync (fs.js:847:3)
	at fs.lstatSync (electron/js2c/asar.js:235:27)
	at Object.fs.lstatSync (electron/js2c/asar.js:235:27)
	at s.IsDir (c:\Users\16377\.vscode\extensions\cl.eide-1.13.0\dist\extension.js:1:3766)
	at c:\Users\16377\.vscode\extensions\cl.eide-1.13.0\dist\extension.js:1:2947
	at Array.forEach (<anonymous>)
	at s.GetList (c:\Users\16377\.vscode\extensions\cl.eide-1.13.0\dist\extension.js:1:2875)
	at x.EnumIncDir (c:\Users\16377\.vscode\extensions\cl.eide-1.13.0\dist\extension.js:1:76955)
	at x.UpdateFileGroup (c:\Users\16377\.vscode\extensions\cl.eide-1.13.0\dist\extension.js:1:76272)
	at x.onSourceDirChanged (c:\Users\16377\.vscode\extensions\cl.eide-1.13.0\dist\extension.js:1:80162)
	at EventEmitter.<anonymous> (c:\Users\16377\.vscode\extensions\cl.eide-1.13.0\dist\extension.js:1:77080)
	at EventEmitter.emit (events.js:203:13)
	at x.emit (c:\Users\16377\.vscode\extensions\cl.eide-1.13.0\dist\extension.js:1:68933)
	at t.FileWatcher.e.OnRename (c:\Users\16377\.vscode\extensions\cl.eide-1.13.0\dist\extension.js:1:75385)
	at FSWatcher.<anonymous> (c:\Users\16377\.vscode\extensions\cl.eide-1.13.0\dist\extension.js:1:87265)
	at FSWatcher.emit (events.js:203:13)
	at FSEvent.FSWatcher._handle.onchange (internal/fs/watchers.js:131:12)
[Error] : ErrorError: ENOENT: no such file or directory, lstat 'd:\My\keilmake\stm\Library\KEY\src\OBJ\delay.crf'
	at lstatSync (fs.js:847:3)
	at fs.lstatSync (electron/js2c/asar.js:235:27)
	at Object.fs.lstatSync (electron/js2c/asar.js:235:27)
	at s.IsDir (c:\Users\16377\.vscode\extensions\cl.eide-1.13.0\dist\extension.js:1:3766)
	at c:\Users\16377\.vscode\extensions\cl.eide-1.13.0\dist\extension.js:1:2947
	at Array.forEach (<anonymous>)
	at s.GetList (c:\Users\16377\.vscode\extensions\cl.eide-1.13.0\dist\extension.js:1:2875)
	at x.EnumIncDir (c:\Users\16377\.vscode\extensions\cl.eide-1.13.0\dist\extension.js:1:76955)
	at x.UpdateFileGroup (c:\Users\16377\.vscode\extensions\cl.eide-1.13.0\dist\extension.js:1:76272)
	at x.onSourceDirChanged (c:\Users\16377\.vscode\extensions\cl.eide-1.13.0\dist\extension.js:1:80162)
	at EventEmitter.<anonymous> (c:\Users\16377\.vscode\extensions\cl.eide-1.13.0\dist\extension.js:1:77080)
	at EventEmitter.emit (events.js:203:13)
	at x.emit (c:\Users\16377\.vscode\extensions\cl.eide-1.13.0\dist\extension.js:1:68933)
	at t.FileWatcher.e.OnRename (c:\Users\16377\.vscode\extensions\cl.eide-1.13.0\dist\extension.js:1:75385)
	at FSWatcher.<anonymous> (c:\Users\16377\.vscode\extensions\cl.eide-1.13.0\dist\extension.js:1:87265)
	at FSWatcher.emit (events.js:203:13)
	at FSEvent.FSWatcher._handle.onchange (internal/fs/watchers.js:131:12)



[4C4C4544-004B-4A10-8035-B3C04F4A5432] : log at : 2020/7/29|20:44:16|GMT+0800
[Hidden] : Not found invalid ARM GCC tool path\bin\arm-none-eabi-gcc.exe !



[4C4C4544-004B-4A10-8035-B3C04F4A5432] : log at : 2020/7/29|20:46:15|GMT+0800
[Hidden] : Not found invalid ARM GCC tool path\bin\arm-none-eabi-gcc.exe !



[4C4C4544-004B-4A10-8035-B3C04F4A5432] : log at : 2020/7/29|20:57:10|GMT+0800
[Hidden] : Not found invalid ARM GCC tool path\bin\arm-none-eabi-gcc.exe !



[4C4C4544-004B-4A10-8035-B3C04F4A5432] : log at : 2020/7/29|21:52:35|GMT+0800
[Hidden] : Not found invalid ARM GCC tool path\bin\arm-none-eabi-gcc.exe !
[Error] : ErrorError: ENOENT: no such file or directory, lstat 'd:\My\keilmake\stm\Library\KEY\src\USER\KEY.uvoptx.POMIN.tmp'
	at lstatSync (fs.js:847:3)
	at fs.lstatSync (electron/js2c/asar.js:235:27)
	at Object.fs.lstatSync (electron/js2c/asar.js:235:27)
	at s.IsDir (c:\Users\16377\.vscode\extensions\cl.eide-1.13.0\dist\extension.js:1:3766)
	at c:\Users\16377\.vscode\extensions\cl.eide-1.13.0\dist\extension.js:1:2947
	at Array.forEach (<anonymous>)
	at s.GetList (c:\Users\16377\.vscode\extensions\cl.eide-1.13.0\dist\extension.js:1:2875)
	at x.EnumIncDir (c:\Users\16377\.vscode\extensions\cl.eide-1.13.0\dist\extension.js:1:76955)
	at x.UpdateFileGroup (c:\Users\16377\.vscode\extensions\cl.eide-1.13.0\dist\extension.js:1:76272)
	at x.onSourceDirChanged (c:\Users\16377\.vscode\extensions\cl.eide-1.13.0\dist\extension.js:1:80162)
	at EventEmitter.<anonymous> (c:\Users\16377\.vscode\extensions\cl.eide-1.13.0\dist\extension.js:1:77080)
	at EventEmitter.emit (events.js:203:13)
	at x.emit (c:\Users\16377\.vscode\extensions\cl.eide-1.13.0\dist\extension.js:1:68933)
	at t.FileWatcher.e.OnRename (c:\Users\16377\.vscode\extensions\cl.eide-1.13.0\dist\extension.js:1:75385)
	at FSWatcher.<anonymous> (c:\Users\16377\.vscode\extensions\cl.eide-1.13.0\dist\extension.js:1:87265)
	at FSWatcher.emit (events.js:203:13)
	at FSEvent.FSWatcher._handle.onchange (internal/fs/watchers.js:131:12)
[Error] : ErrorError: ENOENT: no such file or directory, lstat 'd:\My\keilmake\stm\Library\KEY\src\USER\KEY.uvguix.POMIN.POMIN.tmp'
	at lstatSync (fs.js:847:3)
	at fs.lstatSync (electron/js2c/asar.js:235:27)
	at Object.fs.lstatSync (electron/js2c/asar.js:235:27)
	at s.IsDir (c:\Users\16377\.vscode\extensions\cl.eide-1.13.0\dist\extension.js:1:3766)
	at c:\Users\16377\.vscode\extensions\cl.eide-1.13.0\dist\extension.js:1:2947
	at Array.forEach (<anonymous>)
	at s.GetList (c:\Users\16377\.vscode\extensions\cl.eide-1.13.0\dist\extension.js:1:2875)
	at x.EnumIncDir (c:\Users\16377\.vscode\extensions\cl.eide-1.13.0\dist\extension.js:1:76955)
	at x.UpdateFileGroup (c:\Users\16377\.vscode\extensions\cl.eide-1.13.0\dist\extension.js:1:76272)
	at x.onSourceDirChanged (c:\Users\16377\.vscode\extensions\cl.eide-1.13.0\dist\extension.js:1:80162)
	at EventEmitter.<anonymous> (c:\Users\16377\.vscode\extensions\cl.eide-1.13.0\dist\extension.js:1:77080)
	at EventEmitter.emit (events.js:203:13)
	at x.emit (c:\Users\16377\.vscode\extensions\cl.eide-1.13.0\dist\extension.js:1:68933)
	at t.FileWatcher.e.OnRename (c:\Users\16377\.vscode\extensions\cl.eide-1.13.0\dist\extension.js:1:75385)
	at FSWatcher.<anonymous> (c:\Users\16377\.vscode\extensions\cl.eide-1.13.0\dist\extension.js:1:87265)
	at FSWatcher.emit (events.js:203:13)
	at FSEvent.FSWatcher._handle.onchange (internal/fs/watchers.js:131:12)



[4C4C4544-004B-4A10-8035-B3C04F4A5432] : log at : 2020/7/29|23:11:30|GMT+0800
[Hidden] : Not found invalid ARM GCC tool path\bin\arm-none-eabi-gcc.exe !



[4C4C4544-004B-4A10-8035-B3C04F4A5432] : log at : 2020/7/30|10:02:27|GMT+0800
[Hidden] : Not found invalid ARM GCC tool path\bin\arm-none-eabi-gcc.exe !



[4C4C4544-004B-4A10-8035-B3C04F4A5432] : log at : 2020/7/30|11:38:03|GMT+0800
[Hidden] : Not found invalid ARM GCC tool path\bin\arm-none-eabi-gcc.exe !



[4C4C4544-004B-4A10-8035-B3C04F4A5432] : log at : 2020/8/2|10:42:54|GMT+0800
[Hidden] : Not found invalid ARM GCC tool path\bin\arm-none-eabi-gcc.exe !

[4C4C4544-004B-4A10-8035-B3C04F4A5432] : log at : 2020/8/2|21:33:45|GMT+0800
[Hidden] : Not found invalid ARM GCC tool path\bin\arm-none-eabi-gcc.exe !



[4C4C4544-004B-4A10-8035-B3C04F4A5432] : log at : 2020/8/4|22:43:02|GMT+0800
[Hidden] : Not found D:\ARM-GCC\8 2019-q3-update\bin\arm-none-eabi-gcc.exe !



[4C4C4544-004B-4A10-8035-B3C04F4A5432] : log at : 2020/8/5|11:57:55|GMT+0800
[Hidden] : Not found D:\ARM-GCC\8 2019-q3-update\bin\arm-none-eabi-gcc.exe !



[4C4C4544-004B-4A10-8035-B3C04F4A5432] : log at : 2020/8/6|10:35:20|GMT+0800
[Hidden] : Not found D:\ARM-GCC\8 2019-q3-update\bin\arm-none-eabi-gcc.exe !



[4C4C4544-004B-4A10-8035-B3C04F4A5432] : log at : 2020/8/6|10:36:00|GMT+0800
[Hidden] : Not found D:\ARM-GCC\8 2019-q3-update\bin\arm-none-eabi-gcc.exe !
[Error] : TypeErrorTypeError: Cannot read property 'setDecorations' of undefined
	at c:\Users\16377\.vscode\extensions\hoovercj.vscode-power-mode-2.2.0\out\src\screen-shaker\screen-shaker.js:133:48
	at Array.forEach (<anonymous>)
	at ScreenShaker.unshake (c:\Users\16377\.vscode\extensions\hoovercj.vscode-power-mode-2.2.0\out\src\screen-shaker\screen-shaker.js:132:35)
	at Timeout._onTimeout (c:\Users\16377\.vscode\extensions\hoovercj.vscode-power-mode-2.2.0\out\src\screen-shaker\screen-shaker.js:125:22)
	at listOnTimeout (internal/timers.js:531:17)
	at processTimers (internal/timers.js:475:7)



[4C4C4544-004B-4A10-8035-B3C04F4A5432] : log at : 2020/8/6|20:46:10|GMT+0800
[Hidden] : Not found D:\ARM-GCC\8 2019-q3-update\bin\arm-none-eabi-gcc.exe !



[4C4C4544-004B-4A10-8035-B3C04F4A5432] : log at : 2020/8/7|18:12:56|GMT+0800
[Hidden] : Not found D:\ARM-GCC\8 2019-q3-update\bin\arm-none-eabi-gcc.exe !



[4C4C4544-004B-4A10-8035-B3C04F4A5432] : log at : 2020/8/9|16:39:34|GMT+0800
[Hidden] : Not found D:\ARM-GCC\8 2019-q3-update\bin\arm-none-eabi-gcc.exe !



[4C4C4544-004B-4A10-8035-B3C04F4A5432] : log at : 2020/8/9|20:52:30|GMT+0800
[Hidden] : Not found D:\ARM-GCC\8 2019-q3-update\bin\arm-none-eabi-gcc.exe !



[4C4C4544-004B-4A10-8035-B3C04F4A5432] : log at : 2020/8/10|09:55:24|GMT+0800
[Hidden] : Not found D:\ARM-GCC\8 2019-q3-update\bin\arm-none-eabi-gcc.exe !



[4C4C4544-004B-4A10-8035-B3C04F4A5432] : log at : 2020/8/11|16:48:46|GMT+0800
[Hidden] : Not found D:\ARM-GCC\8 2019-q3-update\bin\arm-none-eabi-gcc.exe !



[4C4C4544-004B-4A10-8035-B3C04F4A5432] : log at : 2020/8/12|13:16:53|GMT+0800
[Hidden] : Not found D:\ARM-GCC\8 2019-q3-update\bin\arm-none-eabi-gcc.exe !



[4C4C4544-004B-4A10-8035-B3C04F4A5432] : log at : 2020/8/12|20:07:23|GMT+0800
[Hidden] : Not found D:\ARM-GCC\8 2019-q3-update\bin\arm-none-eabi-gcc.exe !



[4C4C4544-004B-4A10-8035-B3C04F4A5432] : log at : 2020/8/13|12:02:12|GMT+0800
[Hidden] : Not found D:\ARM-GCC\8 2019-q3-update\bin\arm-none-eabi-gcc.exe !



[4C4C4544-004B-4A10-8035-B3C04F4A5432] : log at : 2020/8/13|13:27:24|GMT+0800
[Hidden] : Not found D:\ARM-GCC\8 2019-q3-update\bin\arm-none-eabi-gcc.exe !


